Build started 08/04/2017 6:02:32 PM.
     1>Project "E:\Visual Studio 2010\C++\mall\FINAL Mall_Without Database\trasnspro\trasnspro.vcxproj" on node 2 (build target(s)).
     1>InitializeBuildStatus:
         Creating "Debug\trasnspro.unsuccessfulbuild" because "AlwaysCreate" was specified.
       ClCompile:
         C:\Program Files (x86)\Microsoft Visual Studio 10.0\VC\bin\CL.exe /c /ZI /nologo /W3 /WX- /Od /Oy- /D WIN32 /D _DEBUG /D _CONSOLE /D _UNICODE /D UNICODE /Gm /EHsc /RTC1 /MDd /GS /fp:precise /Zc:wchar_t /Zc:forScope /Fo"Debug\\" /Fd"Debug\vc100.pdb" /Gd /TC /analyze- /errorReport:prompt xline.c
         xline.c
     1>e:\visual studio 2010\c++\mall\final mall_without database\trasnspro\xline.c(6): warning C4013: 'printf' undefined; assuming extern returning int
       ManifestResourceCompile:
         All outputs are up-to-date.
       Link:
         C:\Program Files (x86)\Microsoft Visual Studio 10.0\VC\bin\link.exe /ERRORREPORT:PROMPT /OUT:"E:\Visual Studio 2010\C++\mall\FINAL Mall_Without Database\Debug\trasnspro.exe" /INCREMENTAL /NOLOGO kernel32.lib user32.lib gdi32.lib winspool.lib comdlg32.lib advapi32.lib shell32.lib ole32.lib oleaut32.lib uuid.lib odbc32.lib odbccp32.lib /MANIFEST /ManifestFile:"Debug\trasnspro.exe.intermediate.manifest" /MANIFESTUAC:"level='asInvoker' uiAccess='false'" /DEBUG /PDB:"E:\Visual Studio 2010\C++\mall\FINAL Mall_Without Database\Debug\trasnspro.pdb" /SUBSYSTEM:CONSOLE /TLBID:1 /DYNAMICBASE /NXCOMPAT /IMPLIB:"E:\Visual Studio 2010\C++\mall\FINAL Mall_Without Database\Debug\trasnspro.lib" /MACHINE:X86 Debug\trasnspro.exe.embed.manifest.res
         Debug\admin.obj
         Debug\custdis.obj
         Debug\custacc.obj
         Debug\employee.obj
         Debug\encrypt.obj
         Debug\lineadmin.obj
         Debug\main.obj
         Debug\xline.obj
         Debug\xyaxis.obj
       Manifest:
         C:\Program Files (x86)\Microsoft SDKs\Windows\v7.0A\bin\mt.exe /nologo /verbose /out:"Debug\trasnspro.exe.embed.manifest" /manifest Debug\trasnspro.exe.intermediate.manifest
         All outputs are up-to-date.
       LinkEmbedManifest:
         All outputs are up-to-date.
         trasnspro.vcxproj -> E:\Visual Studio 2010\C++\mall\FINAL Mall_Without Database\Debug\trasnspro.exe
       FinalizeBuildStatus:
         Deleting file "Debug\trasnspro.unsuccessfulbuild".
         Touching "Debug\trasnspro.lastbuildstate".
     1>Done Building Project "E:\Visual Studio 2010\C++\mall\FINAL Mall_Without Database\trasnspro\trasnspro.vcxproj" (build target(s)).

Build succeeded.

Time Elapsed 00:00:01.83
